
  .   ____          _            __ _ _
 /\\ / ___'_ __ _ _(_)_ __  __ _ \ \ \ \
( ( )\___ | '_ | '_| | '_ \/ _` | \ \ \ \
 \\/  ___)| |_)| | | | | || (_| |  ) ) ) )
  '  |____| .__|_| |_|_| |_\__, | / / / /
 =========|_|==============|___/=/_/_/_/
 :: Spring Boot ::                (v3.2.0)

2026-02-17T23:22:58.954+08:00  INFO 28916 --- [           main] com.qino.log.SystemLogApplication        : Starting SystemLogApplication v1.0.0 using Java 21.0.10 with PID 28916 (/home/wzh/codes/myownWorkspace/system-log-register/backend/target/system-log-register-1.0.0.jar started by wzh in /home/wzh/codes/myownWorkspace/system-log-register/backend)
2026-02-17T23:22:58.955+08:00 DEBUG 28916 --- [           main] com.qino.log.SystemLogApplication        : Running with Spring Boot v3.2.0, Spring v6.1.1
2026-02-17T23:22:58.955+08:00  INFO 28916 --- [           main] com.qino.log.SystemLogApplication        : No active profile set, falling back to 1 default profile: "default"
2026-02-17T23:22:59.685+08:00  INFO 28916 --- [           main] o.s.b.w.embedded.tomcat.TomcatWebServer  : Tomcat initialized with port 8080 (http)
2026-02-17T23:22:59.690+08:00  INFO 28916 --- [           main] o.apache.catalina.core.StandardService   : Starting service [Tomcat]
2026-02-17T23:22:59.690+08:00  INFO 28916 --- [           main] o.apache.catalina.core.StandardEngine    : Starting Servlet engine: [Apache Tomcat/10.1.16]
2026-02-17T23:22:59.707+08:00  INFO 28916 --- [           main] o.a.c.c.C.[Tomcat].[localhost].[/]       : Initializing Spring embedded WebApplicationContext
2026-02-17T23:22:59.707+08:00  INFO 28916 --- [           main] w.s.c.ServletWebServerApplicationContext : Root WebApplicationContext: initialization completed in 700 ms
2026-02-17T23:22:59.766+08:00  INFO 28916 --- [           main] c.a.d.s.b.a.DruidDataSourceAutoConfigure : Init DruidDataSource
2026-02-17T23:23:00.093+08:00  INFO 28916 --- [           main] com.alibaba.druid.pool.DruidDataSource   : {dataSource-1} inited
Logging initialized using 'class org.apache.ibatis.logging.stdout.StdOutImpl' adapter.
Initialization Sequence datacenterId:1 workerId:7
 _ _   |_  _ _|_. ___ _ |    _ 
| | |\/|_)(_| | |_\  |_)||_|_\ 
     /               |         
                        3.5.5 
2026-02-17T23:23:00.463+08:00  INFO 28916 --- [           main] o.s.b.w.embedded.tomcat.TomcatWebServer  : Tomcat started on port 8080 (http) with context path ''
2026-02-17T23:23:00.468+08:00  INFO 28916 --- [           main] com.qino.log.SystemLogApplication        : Started SystemLogApplication in 1.755 seconds (process running for 2.009)
